2026-04-15 17:30:36,545 [PREPROCESS] Device: cuda | 사용 가능한 GPU 수: 1
2026-04-15 17:30:36,548 [PREPROCESS] ============================================================
2026-04-15 17:30:36,548 [PREPROCESS]   에폭        : 100
2026-04-15 17:30:36,549 [PREPROCESS]   배치 크기   : 32  (GPU당 32)
2026-04-15 17:30:36,549 [PREPROCESS]   학습률      : base=0.001 img=0.0005 txt=2e-05 fusion=0.001
2026-04-15 17:30:36,549 [PREPROCESS]   웜업        : 5 epochs
2026-04-15 17:30:36,549 [PREPROCESS]   weight_decay: 0.0001
2026-04-15 17:30:36,549 [PREPROCESS]   feat_dim    : 256  |  dropout: 0.4  |  cnn_layers: [4]
2026-04-15 17:30:36,550 [PREPROCESS]   max_text_len: 96
2026-04-15 17:30:36,550 [PREPROCESS]   freeze_bert : False
2026-04-15 17:30:36,550 [PREPROCESS]   Mixed Prec  : ON
2026-04-15 17:30:36,550 [PREPROCESS]   Multi-GPU   : OFF (1개 GPU)
2026-04-15 17:30:36,550 [PREPROCESS] ============================================================
2026-04-15 17:30:36,590 [PREPROCESS] [train] 샘플 수: 7265
2026-04-15 17:30:36,702 [PREPROCESS] HTTP Request: HEAD https://huggingface.co/sentence-transformers/all-MiniLM-L6-v2/resolve/main/config.json "HTTP/1.1 307 Temporary Redirect"
2026-04-15 17:30:36,709 [PREPROCESS] HTTP Request: HEAD https://huggingface.co/api/resolve-cache/models/sentence-transformers/all-MiniLM-L6-v2/c9745ed1d9f207416be6d2e6f8de32d1f16199bf/config.json "HTTP/1.1 200 OK"
2026-04-15 17:30:36,750 [PREPROCESS] HTTP Request: HEAD https://huggingface.co/sentence-transformers/all-MiniLM-L6-v2/resolve/main/tokenizer_config.json "HTTP/1.1 307 Temporary Redirect"
2026-04-15 17:30:36,757 [PREPROCESS] HTTP Request: HEAD https://huggingface.co/api/resolve-cache/models/sentence-transformers/all-MiniLM-L6-v2/c9745ed1d9f207416be6d2e6f8de32d1f16199bf/tokenizer_config.json "HTTP/1.1 200 OK"
2026-04-15 17:30:36,798 [PREPROCESS] HTTP Request: GET https://huggingface.co/api/models/sentence-transformers/all-MiniLM-L6-v2/tree/main/additional_chat_templates?recursive=false&expand=false "HTTP/1.1 404 Not Found"
2026-04-15 17:30:36,833 [PREPROCESS] HTTP Request: GET https://huggingface.co/api/models/sentence-transformers/all-MiniLM-L6-v2/tree/main?recursive=true&expand=false "HTTP/1.1 200 OK"
2026-04-15 17:30:36,972 [PREPROCESS] [val] 샘플 수: 7265
2026-04-15 17:30:37,003 [PREPROCESS] HTTP Request: HEAD https://huggingface.co/sentence-transformers/all-MiniLM-L6-v2/resolve/main/config.json "HTTP/1.1 307 Temporary Redirect"
2026-04-15 17:30:37,010 [PREPROCESS] HTTP Request: HEAD https://huggingface.co/api/resolve-cache/models/sentence-transformers/all-MiniLM-L6-v2/c9745ed1d9f207416be6d2e6f8de32d1f16199bf/config.json "HTTP/1.1 200 OK"
2026-04-15 17:30:37,049 [PREPROCESS] HTTP Request: HEAD https://huggingface.co/sentence-transformers/all-MiniLM-L6-v2/resolve/main/tokenizer_config.json "HTTP/1.1 307 Temporary Redirect"
Warning: You are sending unauthenticated requests to the HF Hub. Please set a HF_TOKEN to enable higher rate limits and faster downloads.
2026-04-15 17:30:37,050 [PREPROCESS] Warning: You are sending unauthenticated requests to the HF Hub. Please set a HF_TOKEN to enable higher rate limits and faster downloads.
2026-04-15 17:30:37,056 [PREPROCESS] HTTP Request: HEAD https://huggingface.co/api/resolve-cache/models/sentence-transformers/all-MiniLM-L6-v2/c9745ed1d9f207416be6d2e6f8de32d1f16199bf/tokenizer_config.json "HTTP/1.1 200 OK"
2026-04-15 17:30:37,095 [PREPROCESS] HTTP Request: GET https://huggingface.co/api/models/sentence-transformers/all-MiniLM-L6-v2/tree/main/additional_chat_templates?recursive=false&expand=false "HTTP/1.1 404 Not Found"
2026-04-15 17:30:37,128 [PREPROCESS] HTTP Request: GET https://huggingface.co/api/models/sentence-transformers/all-MiniLM-L6-v2/tree/main?recursive=true&expand=false "HTTP/1.1 200 OK"
2026-04-15 17:30:37,225 [PREPROCESS] DataLoader 준비 완료 | train=5085 val=1089 test=1091
2026-04-15 17:30:37,225 [PREPROCESS] 총 실험 수: 1
2026-04-15 17:30:37,226 [PREPROCESS] ━━━━ 실험 시작: RES+transformer+early+freeze_off ━━━━
2026-04-15 17:30:37,696 [PREPROCESS] HTTP Request: HEAD https://huggingface.co/sentence-transformers/all-MiniLM-L6-v2/resolve/main/config.json "HTTP/1.1 307 Temporary Redirect"
2026-04-15 17:30:37,701 [PREPROCESS] HTTP Request: HEAD https://huggingface.co/api/resolve-cache/models/sentence-transformers/all-MiniLM-L6-v2/c9745ed1d9f207416be6d2e6f8de32d1f16199bf/config.json "HTTP/1.1 200 OK"
Loading weights:   0%|                                                                                                | 0/103 [00:00<?, ?it/s]Loading weights: 100%|████████████████████████████████████████████████████████████████████████████████████| 103/103 [00:00<00:00, 4333.09it/s]
[1mBertModel LOAD REPORT[0m from: sentence-transformers/all-MiniLM-L6-v2
Key                     | Status     |  | 
------------------------+------------+--+-
embeddings.position_ids | UNEXPECTED |  | 

Notes:
- UNEXPECTED:	can be ignored when loading from different task/architecture; not ok if you expect identical arch.
2026-04-15 17:31:22,833 [PREPROCESS] [RES+transformer+early+freeze_off] epoch 001/100 | train=2.0240 val=1.5852 acc=0.4757 rlx2=0.4757 rlx3=0.4757 f1=0.3175 f1@2=0.4757 f1@3=0.4757
2026-04-15 17:32:08,414 [PREPROCESS] [RES+transformer+early+freeze_off] epoch 002/100 | train=1.0655 val=0.8803 acc=0.7172 rlx2=0.7172 rlx3=0.7172 f1=0.6699 f1@2=0.7172 f1@3=0.7172
2026-04-15 17:32:50,448 [PREPROCESS] [RES+transformer+early+freeze_off] epoch 003/100 | train=0.6330 val=0.9342 acc=0.6997 rlx2=0.6997 rlx3=0.6997 f1=0.6797 f1@2=0.6997 f1@3=0.6997
2026-04-15 17:33:34,550 [PREPROCESS] [RES+transformer+early+freeze_off] epoch 004/100 | train=0.4989 val=1.0419 acc=0.7264 rlx2=0.7264 rlx3=0.7264 f1=0.7133 f1@2=0.7264 f1@3=0.7264
/usr/local/lib/python3.11/dist-packages/torch/optim/lr_scheduler.py:232: UserWarning: The epoch parameter in `scheduler.step()` was not necessary and is being deprecated where possible. Please use `scheduler.step()` to step the scheduler. During the deprecation, if epoch is different from None, the closed form is used instead of the new chainable form, where available. Please open an issue if you are unable to replicate your use case: https://github.com/pytorch/pytorch/issues/new/choose.
  warnings.warn(EPOCH_DEPRECATION_WARNING, UserWarning)
2026-04-15 17:34:17,558 [PREPROCESS] [RES+transformer+early+freeze_off] epoch 005/100 | train=0.4273 val=1.0974 acc=0.6905 rlx2=0.6905 rlx3=0.6905 f1=0.6552 f1@2=0.6905 f1@3=0.6905
2026-04-15 17:34:57,398 [PREPROCESS] [RES+transformer+early+freeze_off] epoch 006/100 | train=0.4182 val=0.9676 acc=0.7383 rlx2=0.7383 rlx3=0.7383 f1=0.7144 f1@2=0.7383 f1@3=0.7383
2026-04-15 17:35:41,015 [PREPROCESS] [RES+transformer+early+freeze_off] epoch 007/100 | train=0.3037 val=10.9218 acc=0.6511 rlx2=0.6511 rlx3=0.6511 f1=0.6314 f1@2=0.6511 f1@3=0.6511
2026-04-15 17:36:19,193 [PREPROCESS] [RES+transformer+early+freeze_off] epoch 008/100 | train=0.2088 val=1.2478 acc=0.7181 rlx2=0.7181 rlx3=0.7181 f1=0.6883 f1@2=0.7181 f1@3=0.7181
2026-04-15 17:36:59,375 [PREPROCESS] [RES+transformer+early+freeze_off] epoch 009/100 | train=0.1875 val=1.2268 acc=0.7025 rlx2=0.7025 rlx3=0.7025 f1=0.6923 f1@2=0.7025 f1@3=0.7025
2026-04-15 17:37:36,642 [PREPROCESS] [RES+transformer+early+freeze_off] epoch 010/100 | train=0.1402 val=1.4638 acc=0.6878 rlx2=0.6878 rlx3=0.6878 f1=0.6824 f1@2=0.6878 f1@3=0.6878
2026-04-15 17:38:10,414 [PREPROCESS] [RES+transformer+early+freeze_off] epoch 011/100 | train=0.1260 val=1.3355 acc=0.7273 rlx2=0.7273 rlx3=0.7273 f1=0.7112 f1@2=0.7273 f1@3=0.7273
2026-04-15 17:38:43,717 [PREPROCESS] [RES+transformer+early+freeze_off] epoch 012/100 | train=0.1217 val=1.3641 acc=0.7172 rlx2=0.7172 rlx3=0.7172 f1=0.7083 f1@2=0.7172 f1@3=0.7172
2026-04-15 17:39:22,301 [PREPROCESS] [RES+transformer+early+freeze_off] epoch 013/100 | train=0.1093 val=1.4419 acc=0.7355 rlx2=0.7355 rlx3=0.7355 f1=0.7218 f1@2=0.7355 f1@3=0.7355
2026-04-15 17:39:59,850 [PREPROCESS] [RES+transformer+early+freeze_off] epoch 014/100 | train=0.0902 val=1.7615 acc=0.7236 rlx2=0.7236 rlx3=0.7236 f1=0.6897 f1@2=0.7236 f1@3=0.7236
2026-04-15 17:40:40,016 [PREPROCESS] [RES+transformer+early+freeze_off] epoch 015/100 | train=0.1259 val=1.5705 acc=0.7199 rlx2=0.7199 rlx3=0.7199 f1=0.6892 f1@2=0.7199 f1@3=0.7199
2026-04-15 17:41:17,902 [PREPROCESS] [RES+transformer+early+freeze_off] epoch 016/100 | train=0.0901 val=1.6164 acc=0.7319 rlx2=0.7319 rlx3=0.7319 f1=0.7059 f1@2=0.7319 f1@3=0.7319
2026-04-15 17:41:50,168 [PREPROCESS] [RES+transformer+early+freeze_off] epoch 017/100 | train=0.0743 val=1.7013 acc=0.7401 rlx2=0.7401 rlx3=0.7401 f1=0.7302 f1@2=0.7401 f1@3=0.7401
2026-04-15 17:42:20,449 [PREPROCESS] [RES+transformer+early+freeze_off] epoch 018/100 | train=0.0871 val=1.7840 acc=0.7420 rlx2=0.7420 rlx3=0.7420 f1=0.7230 f1@2=0.7420 f1@3=0.7420
2026-04-15 17:42:51,800 [PREPROCESS] [RES+transformer+early+freeze_off] epoch 019/100 | train=0.0829 val=1.5470 acc=0.7346 rlx2=0.7346 rlx3=0.7346 f1=0.7166 f1@2=0.7346 f1@3=0.7346
2026-04-15 17:43:23,032 [PREPROCESS] [RES+transformer+early+freeze_off] epoch 020/100 | train=0.0793 val=1.5764 acc=0.7466 rlx2=0.7466 rlx3=0.7466 f1=0.7261 f1@2=0.7466 f1@3=0.7466
2026-04-15 17:43:57,670 [PREPROCESS] [RES+transformer+early+freeze_off] epoch 021/100 | train=0.0522 val=1.7117 acc=0.7374 rlx2=0.7374 rlx3=0.7374 f1=0.7306 f1@2=0.7374 f1@3=0.7374
2026-04-15 17:44:30,656 [PREPROCESS] [RES+transformer+early+freeze_off] epoch 022/100 | train=0.0764 val=1.5829 acc=0.7401 rlx2=0.7401 rlx3=0.7401 f1=0.7172 f1@2=0.7401 f1@3=0.7401
2026-04-15 17:45:05,452 [PREPROCESS] [RES+transformer+early+freeze_off] epoch 023/100 | train=0.0622 val=1.9255 acc=0.7374 rlx2=0.7374 rlx3=0.7374 f1=0.7153 f1@2=0.7374 f1@3=0.7374
2026-04-15 17:45:36,540 [PREPROCESS] [RES+transformer+early+freeze_off] epoch 024/100 | train=0.0436 val=1.8260 acc=0.7328 rlx2=0.7328 rlx3=0.7328 f1=0.7088 f1@2=0.7328 f1@3=0.7328
2026-04-15 17:46:09,343 [PREPROCESS] [RES+transformer+early+freeze_off] epoch 025/100 | train=0.0900 val=1.7080 acc=0.7355 rlx2=0.7355 rlx3=0.7355 f1=0.7139 f1@2=0.7355 f1@3=0.7355
2026-04-15 17:46:45,565 [PREPROCESS] [RES+transformer+early+freeze_off] epoch 026/100 | train=0.0427 val=1.9140 acc=0.7337 rlx2=0.7337 rlx3=0.7337 f1=0.7160 f1@2=0.7337 f1@3=0.7337
2026-04-15 17:47:22,998 [PREPROCESS] [RES+transformer+early+freeze_off] epoch 027/100 | train=0.0441 val=2.2663 acc=0.7153 rlx2=0.7153 rlx3=0.7153 f1=0.6986 f1@2=0.7153 f1@3=0.7153
2026-04-15 17:47:59,435 [PREPROCESS] [RES+transformer+early+freeze_off] epoch 028/100 | train=0.0567 val=2.1052 acc=0.7355 rlx2=0.7355 rlx3=0.7355 f1=0.7208 f1@2=0.7355 f1@3=0.7355
2026-04-15 17:48:35,354 [PREPROCESS] [RES+transformer+early+freeze_off] epoch 029/100 | train=0.0595 val=2.2449 acc=0.7163 rlx2=0.7163 rlx3=0.7163 f1=0.6825 f1@2=0.7163 f1@3=0.7163
2026-04-15 17:49:12,790 [PREPROCESS] [RES+transformer+early+freeze_off] epoch 030/100 | train=0.0288 val=2.2861 acc=0.7319 rlx2=0.7319 rlx3=0.7319 f1=0.7113 f1@2=0.7319 f1@3=0.7319
2026-04-15 17:49:49,650 [PREPROCESS] [RES+transformer+early+freeze_off] epoch 031/100 | train=0.0387 val=2.6896 acc=0.6961 rlx2=0.6961 rlx3=0.6961 f1=0.6600 f1@2=0.6961 f1@3=0.6961
2026-04-15 17:50:25,599 [PREPROCESS] [RES+transformer+early+freeze_off] epoch 032/100 | train=0.0389 val=2.4710 acc=0.7245 rlx2=0.7245 rlx3=0.7245 f1=0.6976 f1@2=0.7245 f1@3=0.7245
2026-04-15 17:51:02,650 [PREPROCESS] [RES+transformer+early+freeze_off] epoch 033/100 | train=0.0586 val=2.0627 acc=0.7309 rlx2=0.7309 rlx3=0.7309 f1=0.7020 f1@2=0.7309 f1@3=0.7309
2026-04-15 17:51:42,298 [PREPROCESS] [RES+transformer+early+freeze_off] epoch 034/100 | train=0.0506 val=2.0558 acc=0.7401 rlx2=0.7401 rlx3=0.7401 f1=0.7196 f1@2=0.7401 f1@3=0.7401
2026-04-15 17:52:24,186 [PREPROCESS] [RES+transformer+early+freeze_off] epoch 035/100 | train=0.0269 val=2.4018 acc=0.7319 rlx2=0.7319 rlx3=0.7319 f1=0.7170 f1@2=0.7319 f1@3=0.7319
2026-04-15 17:53:02,626 [PREPROCESS] [RES+transformer+early+freeze_off] epoch 036/100 | train=0.0387 val=2.3752 acc=0.7447 rlx2=0.7447 rlx3=0.7447 f1=0.7257 f1@2=0.7447 f1@3=0.7447
2026-04-15 17:53:34,598 [PREPROCESS] [RES+transformer+early+freeze_off] epoch 037/100 | train=0.0331 val=2.3651 acc=0.7309 rlx2=0.7309 rlx3=0.7309 f1=0.7111 f1@2=0.7309 f1@3=0.7309
2026-04-15 17:54:07,689 [PREPROCESS] [RES+transformer+early+freeze_off] epoch 038/100 | train=0.0344 val=2.1541 acc=0.7429 rlx2=0.7429 rlx3=0.7429 f1=0.7318 f1@2=0.7429 f1@3=0.7429
2026-04-15 17:54:43,778 [PREPROCESS] [RES+transformer+early+freeze_off] epoch 039/100 | train=0.0569 val=2.4480 acc=0.7163 rlx2=0.7163 rlx3=0.7163 f1=0.6856 f1@2=0.7163 f1@3=0.7163
2026-04-15 17:55:14,664 [PREPROCESS] [RES+transformer+early+freeze_off] epoch 040/100 | train=0.0303 val=2.2681 acc=0.7328 rlx2=0.7328 rlx3=0.7328 f1=0.7030 f1@2=0.7328 f1@3=0.7328
2026-04-15 17:55:54,410 [PREPROCESS] [RES+transformer+early+freeze_off] epoch 041/100 | train=0.0181 val=2.3850 acc=0.7282 rlx2=0.7282 rlx3=0.7282 f1=0.7050 f1@2=0.7282 f1@3=0.7282
2026-04-15 17:56:33,619 [PREPROCESS] [RES+transformer+early+freeze_off] epoch 042/100 | train=0.0157 val=2.4573 acc=0.7355 rlx2=0.7355 rlx3=0.7355 f1=0.7117 f1@2=0.7355 f1@3=0.7355
2026-04-15 17:57:13,964 [PREPROCESS] [RES+transformer+early+freeze_off] epoch 043/100 | train=0.0138 val=2.2169 acc=0.7475 rlx2=0.7475 rlx3=0.7475 f1=0.7336 f1@2=0.7475 f1@3=0.7475
2026-04-15 17:57:49,715 [PREPROCESS] [RES+transformer+early+freeze_off] epoch 044/100 | train=0.0217 val=2.3161 acc=0.7245 rlx2=0.7245 rlx3=0.7245 f1=0.7048 f1@2=0.7245 f1@3=0.7245
2026-04-15 17:58:22,997 [PREPROCESS] [RES+transformer+early+freeze_off] epoch 045/100 | train=0.0221 val=2.4767 acc=0.7282 rlx2=0.7282 rlx3=0.7282 f1=0.7073 f1@2=0.7282 f1@3=0.7282
2026-04-15 17:58:57,793 [PREPROCESS] [RES+transformer+early+freeze_off] epoch 046/100 | train=0.0242 val=2.7488 acc=0.7337 rlx2=0.7337 rlx3=0.7337 f1=0.7206 f1@2=0.7337 f1@3=0.7337
2026-04-15 17:59:30,912 [PREPROCESS] [RES+transformer+early+freeze_off] epoch 047/100 | train=0.0244 val=2.5538 acc=0.7420 rlx2=0.7420 rlx3=0.7420 f1=0.7292 f1@2=0.7420 f1@3=0.7420
2026-04-15 18:00:06,076 [PREPROCESS] [RES+transformer+early+freeze_off] epoch 048/100 | train=0.0325 val=2.3286 acc=0.7264 rlx2=0.7264 rlx3=0.7264 f1=0.7090 f1@2=0.7264 f1@3=0.7264
2026-04-15 18:00:40,407 [PREPROCESS] [RES+transformer+early+freeze_off] epoch 049/100 | train=0.0074 val=2.5268 acc=0.7530 rlx2=0.7530 rlx3=0.7530 f1=0.7404 f1@2=0.7530 f1@3=0.7530
2026-04-15 18:01:16,089 [PREPROCESS] [RES+transformer+early+freeze_off] epoch 050/100 | train=0.0169 val=2.5877 acc=0.7291 rlx2=0.7291 rlx3=0.7291 f1=0.7147 f1@2=0.7291 f1@3=0.7291
2026-04-15 18:01:46,954 [PREPROCESS] [RES+transformer+early+freeze_off] epoch 051/100 | train=0.0117 val=2.5500 acc=0.7355 rlx2=0.7355 rlx3=0.7355 f1=0.7220 f1@2=0.7355 f1@3=0.7355
2026-04-15 18:02:19,294 [PREPROCESS] [RES+transformer+early+freeze_off] epoch 052/100 | train=0.0171 val=2.6427 acc=0.7300 rlx2=0.7300 rlx3=0.7300 f1=0.7093 f1@2=0.7300 f1@3=0.7300
2026-04-15 18:02:52,292 [PREPROCESS] [RES+transformer+early+freeze_off] epoch 053/100 | train=0.0256 val=2.9101 acc=0.7328 rlx2=0.7328 rlx3=0.7328 f1=0.7133 f1@2=0.7328 f1@3=0.7328
2026-04-15 18:03:21,711 [PREPROCESS] [RES+transformer+early+freeze_off] epoch 054/100 | train=0.0190 val=2.8023 acc=0.7291 rlx2=0.7291 rlx3=0.7291 f1=0.7104 f1@2=0.7291 f1@3=0.7291
2026-04-15 18:03:51,752 [PREPROCESS] [RES+transformer+early+freeze_off] epoch 055/100 | train=0.0181 val=2.7751 acc=0.7374 rlx2=0.7374 rlx3=0.7374 f1=0.7142 f1@2=0.7374 f1@3=0.7374
2026-04-15 18:04:19,464 [PREPROCESS] [RES+transformer+early+freeze_off] epoch 056/100 | train=0.0216 val=2.7282 acc=0.7337 rlx2=0.7337 rlx3=0.7337 f1=0.7102 f1@2=0.7337 f1@3=0.7337
2026-04-15 18:04:52,135 [PREPROCESS] [RES+transformer+early+freeze_off] epoch 057/100 | train=0.0139 val=2.5692 acc=0.7346 rlx2=0.7346 rlx3=0.7346 f1=0.7187 f1@2=0.7346 f1@3=0.7346
2026-04-15 18:05:21,020 [PREPROCESS] [RES+transformer+early+freeze_off] epoch 058/100 | train=0.0102 val=2.6830 acc=0.7365 rlx2=0.7365 rlx3=0.7365 f1=0.7147 f1@2=0.7365 f1@3=0.7365
2026-04-15 18:05:52,136 [PREPROCESS] [RES+transformer+early+freeze_off] epoch 059/100 | train=0.0036 val=2.8604 acc=0.7337 rlx2=0.7337 rlx3=0.7337 f1=0.7078 f1@2=0.7337 f1@3=0.7337
2026-04-15 18:06:26,501 [PREPROCESS] [RES+transformer+early+freeze_off] epoch 060/100 | train=0.0071 val=2.7132 acc=0.7374 rlx2=0.7374 rlx3=0.7374 f1=0.7138 f1@2=0.7374 f1@3=0.7374
2026-04-15 18:06:58,569 [PREPROCESS] [RES+transformer+early+freeze_off] epoch 061/100 | train=0.0046 val=2.5973 acc=0.7410 rlx2=0.7410 rlx3=0.7410 f1=0.7235 f1@2=0.7410 f1@3=0.7410
2026-04-15 18:07:27,930 [PREPROCESS] [RES+transformer+early+freeze_off] epoch 062/100 | train=0.0048 val=2.6172 acc=0.7438 rlx2=0.7438 rlx3=0.7438 f1=0.7292 f1@2=0.7438 f1@3=0.7438
2026-04-15 18:07:58,901 [PREPROCESS] [RES+transformer+early+freeze_off] epoch 063/100 | train=0.0035 val=2.8199 acc=0.7374 rlx2=0.7374 rlx3=0.7374 f1=0.7188 f1@2=0.7374 f1@3=0.7374
2026-04-15 18:08:30,745 [PREPROCESS] [RES+transformer+early+freeze_off] epoch 064/100 | train=0.0057 val=2.8684 acc=0.7392 rlx2=0.7392 rlx3=0.7392 f1=0.7188 f1@2=0.7392 f1@3=0.7392
2026-04-15 18:09:02,469 [PREPROCESS] [RES+transformer+early+freeze_off] epoch 065/100 | train=0.0070 val=2.7275 acc=0.7337 rlx2=0.7337 rlx3=0.7337 f1=0.7175 f1@2=0.7337 f1@3=0.7337
2026-04-15 18:09:34,186 [PREPROCESS] [RES+transformer+early+freeze_off] epoch 066/100 | train=0.0034 val=2.7324 acc=0.7401 rlx2=0.7401 rlx3=0.7401 f1=0.7189 f1@2=0.7401 f1@3=0.7401
2026-04-15 18:10:04,109 [PREPROCESS] [RES+transformer+early+freeze_off] epoch 067/100 | train=0.0062 val=2.8701 acc=0.7410 rlx2=0.7410 rlx3=0.7410 f1=0.7191 f1@2=0.7410 f1@3=0.7410
2026-04-15 18:10:35,812 [PREPROCESS] [RES+transformer+early+freeze_off] epoch 068/100 | train=0.0032 val=2.8259 acc=0.7365 rlx2=0.7365 rlx3=0.7365 f1=0.7201 f1@2=0.7365 f1@3=0.7365
2026-04-15 18:11:09,489 [PREPROCESS] [RES+transformer+early+freeze_off] epoch 069/100 | train=0.0042 val=2.8210 acc=0.7383 rlx2=0.7383 rlx3=0.7383 f1=0.7192 f1@2=0.7383 f1@3=0.7383
2026-04-15 18:11:47,156 [PREPROCESS] [RES+transformer+early+freeze_off] epoch 070/100 | train=0.0063 val=2.8934 acc=0.7273 rlx2=0.7273 rlx3=0.7273 f1=0.7070 f1@2=0.7273 f1@3=0.7273
2026-04-15 18:12:26,141 [PREPROCESS] [RES+transformer+early+freeze_off] epoch 071/100 | train=0.0012 val=2.8939 acc=0.7300 rlx2=0.7300 rlx3=0.7300 f1=0.7093 f1@2=0.7300 f1@3=0.7300
2026-04-15 18:13:06,367 [PREPROCESS] [RES+transformer+early+freeze_off] epoch 072/100 | train=0.0034 val=2.8489 acc=0.7410 rlx2=0.7410 rlx3=0.7410 f1=0.7198 f1@2=0.7410 f1@3=0.7410
2026-04-15 18:13:43,183 [PREPROCESS] [RES+transformer+early+freeze_off] epoch 073/100 | train=0.0019 val=2.6923 acc=0.7456 rlx2=0.7456 rlx3=0.7456 f1=0.7315 f1@2=0.7456 f1@3=0.7456
2026-04-15 18:14:15,922 [PREPROCESS] [RES+transformer+early+freeze_off] epoch 074/100 | train=0.0040 val=2.7090 acc=0.7511 rlx2=0.7511 rlx3=0.7511 f1=0.7370 f1@2=0.7511 f1@3=0.7511
2026-04-15 18:14:49,391 [PREPROCESS] [RES+transformer+early+freeze_off] epoch 075/100 | train=0.0038 val=2.7254 acc=0.7420 rlx2=0.7420 rlx3=0.7420 f1=0.7296 f1@2=0.7420 f1@3=0.7420
2026-04-15 18:15:21,321 [PREPROCESS] [RES+transformer+early+freeze_off] epoch 076/100 | train=0.0028 val=2.8664 acc=0.7346 rlx2=0.7346 rlx3=0.7346 f1=0.7051 f1@2=0.7346 f1@3=0.7346
2026-04-15 18:16:02,970 [PREPROCESS] [RES+transformer+early+freeze_off] epoch 077/100 | train=0.0022 val=2.8647 acc=0.7383 rlx2=0.7383 rlx3=0.7383 f1=0.7118 f1@2=0.7383 f1@3=0.7383
2026-04-15 18:16:46,562 [PREPROCESS] [RES+transformer+early+freeze_off] epoch 078/100 | train=0.0006 val=2.8113 acc=0.7456 rlx2=0.7456 rlx3=0.7456 f1=0.7243 f1@2=0.7456 f1@3=0.7456
2026-04-15 18:17:31,509 [PREPROCESS] [RES+transformer+early+freeze_off] epoch 079/100 | train=0.0009 val=2.6919 acc=0.7429 rlx2=0.7429 rlx3=0.7429 f1=0.7257 f1@2=0.7429 f1@3=0.7429
2026-04-15 18:18:15,516 [PREPROCESS] [RES+transformer+early+freeze_off] epoch 080/100 | train=0.0001 val=2.7137 acc=0.7383 rlx2=0.7383 rlx3=0.7383 f1=0.7208 f1@2=0.7383 f1@3=0.7383
2026-04-15 18:18:56,924 [PREPROCESS] [RES+transformer+early+freeze_off] epoch 081/100 | train=0.0002 val=2.7068 acc=0.7466 rlx2=0.7466 rlx3=0.7466 f1=0.7289 f1@2=0.7466 f1@3=0.7466
2026-04-15 18:19:37,145 [PREPROCESS] [RES+transformer+early+freeze_off] epoch 082/100 | train=0.0002 val=2.6802 acc=0.7466 rlx2=0.7466 rlx3=0.7466 f1=0.7270 f1@2=0.7466 f1@3=0.7466
2026-04-15 18:20:21,256 [PREPROCESS] [RES+transformer+early+freeze_off] epoch 083/100 | train=0.0012 val=2.7037 acc=0.7438 rlx2=0.7438 rlx3=0.7438 f1=0.7265 f1@2=0.7438 f1@3=0.7438
2026-04-15 18:21:07,596 [PREPROCESS] [RES+transformer+early+freeze_off] epoch 084/100 | train=0.0005 val=2.7521 acc=0.7383 rlx2=0.7383 rlx3=0.7383 f1=0.7182 f1@2=0.7383 f1@3=0.7383
2026-04-15 18:21:53,805 [PREPROCESS] [RES+transformer+early+freeze_off] epoch 085/100 | train=0.0003 val=2.8186 acc=0.7309 rlx2=0.7309 rlx3=0.7309 f1=0.7063 f1@2=0.7309 f1@3=0.7309
2026-04-15 18:22:39,626 [PREPROCESS] [RES+transformer+early+freeze_off] epoch 086/100 | train=0.0002 val=2.7943 acc=0.7374 rlx2=0.7374 rlx3=0.7374 f1=0.7171 f1@2=0.7374 f1@3=0.7374
2026-04-15 18:23:24,073 [PREPROCESS] [RES+transformer+early+freeze_off] epoch 087/100 | train=0.0001 val=2.8131 acc=0.7365 rlx2=0.7365 rlx3=0.7365 f1=0.7150 f1@2=0.7365 f1@3=0.7365
2026-04-15 18:24:07,716 [PREPROCESS] [RES+transformer+early+freeze_off] epoch 088/100 | train=0.0009 val=2.7957 acc=0.7337 rlx2=0.7337 rlx3=0.7337 f1=0.7121 f1@2=0.7337 f1@3=0.7337
2026-04-15 18:24:53,080 [PREPROCESS] [RES+transformer+early+freeze_off] epoch 089/100 | train=0.0017 val=2.7754 acc=0.7466 rlx2=0.7466 rlx3=0.7466 f1=0.7250 f1@2=0.7466 f1@3=0.7466
2026-04-15 18:25:36,014 [PREPROCESS] [RES+transformer+early+freeze_off] epoch 090/100 | train=0.0001 val=2.7876 acc=0.7410 rlx2=0.7410 rlx3=0.7410 f1=0.7164 f1@2=0.7410 f1@3=0.7410
2026-04-15 18:26:20,298 [PREPROCESS] [RES+transformer+early+freeze_off] epoch 091/100 | train=0.0016 val=2.7527 acc=0.7410 rlx2=0.7410 rlx3=0.7410 f1=0.7201 f1@2=0.7410 f1@3=0.7410
2026-04-15 18:27:04,882 [PREPROCESS] [RES+transformer+early+freeze_off] epoch 092/100 | train=0.0004 val=2.7786 acc=0.7401 rlx2=0.7401 rlx3=0.7401 f1=0.7186 f1@2=0.7401 f1@3=0.7401
2026-04-15 18:27:48,251 [PREPROCESS] [RES+transformer+early+freeze_off] epoch 093/100 | train=0.0000 val=2.7860 acc=0.7374 rlx2=0.7374 rlx3=0.7374 f1=0.7158 f1@2=0.7374 f1@3=0.7374
2026-04-15 18:28:29,046 [PREPROCESS] [RES+transformer+early+freeze_off] epoch 094/100 | train=0.0002 val=2.7823 acc=0.7429 rlx2=0.7429 rlx3=0.7429 f1=0.7220 f1@2=0.7429 f1@3=0.7429
2026-04-15 18:29:08,191 [PREPROCESS] [RES+transformer+early+freeze_off] epoch 095/100 | train=0.0013 val=2.7951 acc=0.7420 rlx2=0.7420 rlx3=0.7420 f1=0.7229 f1@2=0.7420 f1@3=0.7420
2026-04-15 18:29:51,332 [PREPROCESS] [RES+transformer+early+freeze_off] epoch 096/100 | train=0.0004 val=2.8104 acc=0.7401 rlx2=0.7401 rlx3=0.7401 f1=0.7197 f1@2=0.7401 f1@3=0.7401
2026-04-15 18:30:26,689 [PREPROCESS] [RES+transformer+early+freeze_off] epoch 097/100 | train=0.0000 val=2.8120 acc=0.7401 rlx2=0.7401 rlx3=0.7401 f1=0.7190 f1@2=0.7401 f1@3=0.7401
2026-04-15 18:31:08,692 [PREPROCESS] [RES+transformer+early+freeze_off] epoch 098/100 | train=0.0009 val=2.7929 acc=0.7392 rlx2=0.7392 rlx3=0.7392 f1=0.7194 f1@2=0.7392 f1@3=0.7392
2026-04-15 18:31:43,265 [PREPROCESS] [RES+transformer+early+freeze_off] epoch 099/100 | train=0.0002 val=2.7945 acc=0.7410 rlx2=0.7410 rlx3=0.7410 f1=0.7209 f1@2=0.7410 f1@3=0.7410
2026-04-15 18:32:20,395 [PREPROCESS] [RES+transformer+early+freeze_off] epoch 100/100 | train=0.0006 val=2.8112 acc=0.7420 rlx2=0.7420 rlx3=0.7420 f1=0.7219 f1@2=0.7420 f1@3=0.7420
2026-04-15 18:32:29,307 [PREPROCESS] [RES+transformer+early+freeze_off] TEST → acc=0.7250 rlx2=0.7250 rlx3=0.7250 f1_macro=0.6764 f1@2=0.7250 f1@3=0.7250 f1_weighted=0.7151 (61.9분)
2026-04-15 18:32:29,577 [PREPROCESS]   Saved training curve: plots/RES_transformer_early_freeze_off_curve.png
2026-04-15 18:32:29,634 [PREPROCESS]   Saved predictions: results_single10_full/runs/RES_transformer_early_freeze_off/all_predictions.csv
2026-04-15 18:32:29,634 [PREPROCESS]   Saved misclassified samples: results_single10_full/runs/RES_transformer_early_freeze_off/misclassified_samples.csv
2026-04-15 18:32:29,654 [PREPROCESS] 요약 저장 완료 → results_single10_full/runs/RES_transformer_early_freeze_off/summary.json
2026-04-15 18:32:29,654 [PREPROCESS] 리포트 저장 완료 → results_single10_full/runs/RES_transformer_early_freeze_off/summary_report.txt
2026-04-15 18:32:29,801 [PREPROCESS]   Saved F1 comparison plot: plots/f1_comparison.png
2026-04-15 18:32:29,943 [PREPROCESS]   Saved per-class F1 plot: plots/per_class_f1_best.png
2026-04-15 18:32:30,220 [PREPROCESS]   Saved confusion matrix: plots/confusion_matrix_best.png
2026-04-15 18:32:30,220 [PREPROCESS] 
============================================================
2026-04-15 18:32:30,220 [PREPROCESS]   ✅ 최적 구성  : RES+transformer+early+freeze_off
2026-04-15 18:32:30,220 [PREPROCESS]   📊 기준 지표  : f1_weighted = 0.7151
2026-04-15 18:32:30,220 [PREPROCESS]   🎯 Accuracy   : 0.7250
2026-04-15 18:32:30,220 [PREPROCESS]   🧪 Relaxed@2  : 0.7250
2026-04-15 18:32:30,220 [PREPROCESS]   🧪 Relaxed@3  : 0.7250
2026-04-15 18:32:30,220 [PREPROCESS]   🧪 F1@2       : 0.7250
2026-04-15 18:32:30,221 [PREPROCESS]   🧪 F1@3       : 0.7250
2026-04-15 18:32:30,221 [PREPROCESS]   📌 F1 Macro   : 0.6764
2026-04-15 18:32:30,221 [PREPROCESS] ============================================================
